<?xml version="1.0" encoding="UTF-8"?>
<!-- Generated by org.testng.reporters.JUnitReportReporter -->
<testsuite skipped="0" hostname="LNDA0056" name="NewTest" tests="1" failures="0" timestamp="22 Sep 2017 11:11:51 GMT" time="16.164" errors="0">
  <testcase name="f" time="16.164" classname="NewTest"/>
</testsuite> <!-- NewTest -->
